{"uuid":"767e222d-d5b7-40f1-907f-8fe6e3052237","historyId":"37c9faf71006df750af616e871f71976","fullName":"tests.FunctionalityTest.sidebarPriceSortingTest","labels":[{"name":"package","value":"tests.FunctionalityTest"},{"name":"testClass","value":"tests.FunctionalityTest"},{"name":"testMethod","value":"sidebarPriceSortingTest"},{"name":"parentSuite","value":"Default Suite"},{"name":"suite","value":"Demo-JAVA-KH-067-automation"},{"name":"subSuite","value":"tests.FunctionalityTest"},{"name":"host","value":"MacBook-Air-Anastasia.local"},{"name":"thread","value":"4285@MacBook-Air-Anastasia.local.main(1)"},{"name":"framework","value":"testng"},{"name":"language","value":"java"}],"links":[],"name":"sidebarPriceSortingTest","status":"broken","statusDetails":{"known":false,"muted":false,"flaky":false,"message":"stale element reference: element is not attached to the page document\n  (Session info: chrome=103.0.5060.114)\nFor documentation on this error, please visit: https://selenium.dev/exceptions/#stale_element_reference\nBuild info: version: '4.2.1', revision: 'ac4d0fdd4a'\nSystem info: host: 'MacBook-Air-Anastasia.local', ip: 'fe80:0:0:0:80a:a05a:808a:896%en0', os.name: 'Mac OS X', os.arch: 'x86_64', os.version: '10.15.7', java.version: '1.8.0_331'\nDriver info: org.openqa.selenium.chrome.ChromeDriver\nCommand: [f56c571ff6e61dd22572b4adda9ab522, clickElement {id=581a295e-e4d1-462e-857f-687ec77cc833}]\nCapabilities {acceptInsecureCerts: false, browserName: chrome, browserVersion: 103.0.5060.114, chrome: {chromedriverVersion: 103.0.5060.134 (8ec6fce403b..., userDataDir: /var/folders/22/j9wgf4zj06v...}, goog:chromeOptions: {debuggerAddress: localhost:55302}, networkConnectionEnabled: false, pageLoadStrategy: normal, platformName: MAC, proxy: Proxy(), se:cdp: ws://localhost:55302/devtoo..., se:cdpVersion: 103.0.5060.114, setWindowRect: true, strictFileInteractability: false, timeouts: {implicit: 0, pageLoad: 300000, script: 30000}, unhandledPromptBehavior: dismiss and notify, webauthn:extension:credBlob: true, webauthn:extension:largeBlob: true, webauthn:virtualAuthenticators: true}\nElement: [[ChromeDriver: chrome on MAC (f56c571ff6e61dd22572b4adda9ab522)] -> xpath: //div[@class='listing__body-wrap image-switch']//div[@class='card__body']/a[@class='card__title']]\nSession ID: f56c571ff6e61dd22572b4adda9ab522","trace":"org.openqa.selenium.StaleElementReferenceException: stale element reference: element is not attached to the page document\n  (Session info: chrome=103.0.5060.114)\nFor documentation on this error, please visit: https://selenium.dev/exceptions/#stale_element_reference\nBuild info: version: '4.2.1', revision: 'ac4d0fdd4a'\nSystem info: host: 'MacBook-Air-Anastasia.local', ip: 'fe80:0:0:0:80a:a05a:808a:896%en0', os.name: 'Mac OS X', os.arch: 'x86_64', os.version: '10.15.7', java.version: '1.8.0_331'\nDriver info: org.openqa.selenium.chrome.ChromeDriver\nCommand: [f56c571ff6e61dd22572b4adda9ab522, clickElement {id=581a295e-e4d1-462e-857f-687ec77cc833}]\nCapabilities {acceptInsecureCerts: false, browserName: chrome, browserVersion: 103.0.5060.114, chrome: {chromedriverVersion: 103.0.5060.134 (8ec6fce403b..., userDataDir: /var/folders/22/j9wgf4zj06v...}, goog:chromeOptions: {debuggerAddress: localhost:55302}, networkConnectionEnabled: false, pageLoadStrategy: normal, platformName: MAC, proxy: Proxy(), se:cdp: ws://localhost:55302/devtoo..., se:cdpVersion: 103.0.5060.114, setWindowRect: true, strictFileInteractability: false, timeouts: {implicit: 0, pageLoad: 300000, script: 30000}, unhandledPromptBehavior: dismiss and notify, webauthn:extension:credBlob: true, webauthn:extension:largeBlob: true, webauthn:virtualAuthenticators: true}\nElement: [[ChromeDriver: chrome on MAC (f56c571ff6e61dd22572b4adda9ab522)] -> xpath: //div[@class='listing__body-wrap image-switch']//div[@class='card__body']/a[@class='card__title']]\nSession ID: f56c571ff6e61dd22572b4adda9ab522\n\tat sun.reflect.NativeConstructorAccessorImpl.newInstance0(Native Method)\n\tat sun.reflect.NativeConstructorAccessorImpl.newInstance(NativeConstructorAccessorImpl.java:62)\n\tat sun.reflect.DelegatingConstructorAccessorImpl.newInstance(DelegatingConstructorAccessorImpl.java:45)\n\tat java.lang.reflect.Constructor.newInstance(Constructor.java:423)\n\tat org.openqa.selenium.remote.codec.w3c.W3CHttpResponseCodec.createException(W3CHttpResponseCodec.java:200)\n\tat org.openqa.selenium.remote.codec.w3c.W3CHttpResponseCodec.decode(W3CHttpResponseCodec.java:133)\n\tat org.openqa.selenium.remote.codec.w3c.W3CHttpResponseCodec.decode(W3CHttpResponseCodec.java:53)\n\tat org.openqa.selenium.remote.HttpCommandExecutor.execute(HttpCommandExecutor.java:184)\n\tat org.openqa.selenium.remote.service.DriverCommandExecutor.invokeExecute(DriverCommandExecutor.java:167)\n\tat org.openqa.selenium.remote.service.DriverCommandExecutor.execute(DriverCommandExecutor.java:142)\n\tat org.openqa.selenium.remote.RemoteWebDriver.execute(RemoteWebDriver.java:551)\n\tat org.openqa.selenium.remote.RemoteWebElement.execute(RemoteWebElement.java:257)\n\tat org.openqa.selenium.remote.RemoteWebElement.click(RemoteWebElement.java:78)\n\tat pages.SearchResultsPage.clickProductByIndex(SearchResultsPage.java:23)\n\tat tests.FunctionalityTest.sidebarPriceSortingTest(FunctionalityTest.java:87)\n\tat sun.reflect.NativeMethodAccessorImpl.invoke0(Native Method)\n\tat sun.reflect.NativeMethodAccessorImpl.invoke(NativeMethodAccessorImpl.java:62)\n\tat sun.reflect.DelegatingMethodAccessorImpl.invoke(DelegatingMethodAccessorImpl.java:43)\n\tat java.lang.reflect.Method.invoke(Method.java:498)\n\tat org.testng.internal.MethodInvocationHelper.invokeMethod(MethodInvocationHelper.java:132)\n\tat org.testng.internal.TestInvoker.invokeMethod(TestInvoker.java:599)\n\tat org.testng.internal.TestInvoker.invokeTestMethod(TestInvoker.java:174)\n\tat org.testng.internal.MethodRunner.runInSequence(MethodRunner.java:46)\n\tat org.testng.internal.TestInvoker$MethodInvocationAgent.invoke(TestInvoker.java:822)\n\tat org.testng.internal.TestInvoker.invokeTestMethods(TestInvoker.java:147)\n\tat org.testng.internal.TestMethodWorker.invokeTestMethods(TestMethodWorker.java:146)\n\tat org.testng.internal.TestMethodWorker.run(TestMethodWorker.java:128)\n\tat java.util.ArrayList.forEach(ArrayList.java:1259)\n\tat org.testng.TestRunner.privateRun(TestRunner.java:764)\n\tat org.testng.TestRunner.run(TestRunner.java:585)\n\tat org.testng.SuiteRunner.runTest(SuiteRunner.java:384)\n\tat org.testng.SuiteRunner.runSequentially(SuiteRunner.java:378)\n\tat org.testng.SuiteRunner.privateRun(SuiteRunner.java:337)\n\tat org.testng.SuiteRunner.run(SuiteRunner.java:286)\n\tat org.testng.SuiteRunnerWorker.runSuite(SuiteRunnerWorker.java:53)\n\tat org.testng.SuiteRunnerWorker.run(SuiteRunnerWorker.java:96)\n\tat org.testng.TestNG.runSuitesSequentially(TestNG.java:1218)\n\tat org.testng.TestNG.runSuitesLocally(TestNG.java:1140)\n\tat org.testng.TestNG.runSuites(TestNG.java:1069)\n\tat org.testng.TestNG.run(TestNG.java:1037)\n\tat com.intellij.rt.testng.IDEARemoteTestNG.run(IDEARemoteTestNG.java:66)\n\tat com.intellij.rt.testng.RemoteTestNGStarter.main(RemoteTestNGStarter.java:109)\n"},"stage":"finished","description":"Sort product by Max price","steps":[{"name":"Click catalog button","status":"passed","stage":"finished","steps":[],"attachments":[],"parameters":[],"start":1658406570708,"stop":1658406571062},{"name":"Click category then subcategory: portal-smartfoni-i-telefoni.html,mobilnye_telefony_apple.html","status":"passed","stage":"finished","steps":[],"attachments":[],"parameters":[{"name":"category","value":"portal-smartfoni-i-telefoni.html"},{"name":"subcategory","value":"mobilnye_telefony_apple.html"}],"start":1658406571062,"stop":1658406576498},{"name":"Input max price to sidebar 25000","status":"passed","stage":"finished","steps":[],"attachments":[],"parameters":[{"name":"maxPrice","value":"25000"}],"start":1658406576498,"stop":1658406577149},{"name":"Sort products desc","status":"passed","stage":"finished","steps":[],"attachments":[],"parameters":[],"start":1658406577150,"stop":1658406577729},{"name":"Choose product by 0","status":"broken","statusDetails":{"known":false,"muted":false,"flaky":false,"message":"stale element reference: element is not attached to the page document\n  (Session info: chrome=103.0.5060.114)\nFor documentation on this error, please visit: https://selenium.dev/exceptions/#stale_element_reference\nBuild info: version: '4.2.1', revision: 'ac4d0fdd4a'\nSystem info: host: 'MacBook-Air-Anastasia.local', ip: 'fe80:0:0:0:80a:a05a:808a:896%en0', os.name: 'Mac OS X', os.arch: 'x86_64', os.version: '10.15.7', java.version: '1.8.0_331'\nDriver info: org.openqa.selenium.chrome.ChromeDriver\nCommand: [f56c571ff6e61dd22572b4adda9ab522, clickElement {id=581a295e-e4d1-462e-857f-687ec77cc833}]\nCapabilities {acceptInsecureCerts: false, browserName: chrome, browserVersion: 103.0.5060.114, chrome: {chromedriverVersion: 103.0.5060.134 (8ec6fce403b..., userDataDir: /var/folders/22/j9wgf4zj06v...}, goog:chromeOptions: {debuggerAddress: localhost:55302}, networkConnectionEnabled: false, pageLoadStrategy: normal, platformName: MAC, proxy: Proxy(), se:cdp: ws://localhost:55302/devtoo..., se:cdpVersion: 103.0.5060.114, setWindowRect: true, strictFileInteractability: false, timeouts: {implicit: 0, pageLoad: 300000, script: 30000}, unhandledPromptBehavior: dismiss and notify, webauthn:extension:credBlob: true, webauthn:extension:largeBlob: true, webauthn:virtualAuthenticators: true}\nElement: [[ChromeDriver: chrome on MAC (f56c571ff6e61dd22572b4adda9ab522)] -> xpath: //div[@class='listing__body-wrap image-switch']//div[@class='card__body']/a[@class='card__title']]\nSession ID: f56c571ff6e61dd22572b4adda9ab522","trace":"org.openqa.selenium.StaleElementReferenceException: stale element reference: element is not attached to the page document\n  (Session info: chrome=103.0.5060.114)\nFor documentation on this error, please visit: https://selenium.dev/exceptions/#stale_element_reference\nBuild info: version: '4.2.1', revision: 'ac4d0fdd4a'\nSystem info: host: 'MacBook-Air-Anastasia.local', ip: 'fe80:0:0:0:80a:a05a:808a:896%en0', os.name: 'Mac OS X', os.arch: 'x86_64', os.version: '10.15.7', java.version: '1.8.0_331'\nDriver info: org.openqa.selenium.chrome.ChromeDriver\nCommand: [f56c571ff6e61dd22572b4adda9ab522, clickElement {id=581a295e-e4d1-462e-857f-687ec77cc833}]\nCapabilities {acceptInsecureCerts: false, browserName: chrome, browserVersion: 103.0.5060.114, chrome: {chromedriverVersion: 103.0.5060.134 (8ec6fce403b..., userDataDir: /var/folders/22/j9wgf4zj06v...}, goog:chromeOptions: {debuggerAddress: localhost:55302}, networkConnectionEnabled: false, pageLoadStrategy: normal, platformName: MAC, proxy: Proxy(), se:cdp: ws://localhost:55302/devtoo..., se:cdpVersion: 103.0.5060.114, setWindowRect: true, strictFileInteractability: false, timeouts: {implicit: 0, pageLoad: 300000, script: 30000}, unhandledPromptBehavior: dismiss and notify, webauthn:extension:credBlob: true, webauthn:extension:largeBlob: true, webauthn:virtualAuthenticators: true}\nElement: [[ChromeDriver: chrome on MAC (f56c571ff6e61dd22572b4adda9ab522)] -> xpath: //div[@class='listing__body-wrap image-switch']//div[@class='card__body']/a[@class='card__title']]\nSession ID: f56c571ff6e61dd22572b4adda9ab522\n\tat sun.reflect.NativeConstructorAccessorImpl.newInstance0(Native Method)\n\tat sun.reflect.NativeConstructorAccessorImpl.newInstance(NativeConstructorAccessorImpl.java:62)\n\tat sun.reflect.DelegatingConstructorAccessorImpl.newInstance(DelegatingConstructorAccessorImpl.java:45)\n\tat java.lang.reflect.Constructor.newInstance(Constructor.java:423)\n\tat org.openqa.selenium.remote.codec.w3c.W3CHttpResponseCodec.createException(W3CHttpResponseCodec.java:200)\n\tat org.openqa.selenium.remote.codec.w3c.W3CHttpResponseCodec.decode(W3CHttpResponseCodec.java:133)\n\tat org.openqa.selenium.remote.codec.w3c.W3CHttpResponseCodec.decode(W3CHttpResponseCodec.java:53)\n\tat org.openqa.selenium.remote.HttpCommandExecutor.execute(HttpCommandExecutor.java:184)\n\tat org.openqa.selenium.remote.service.DriverCommandExecutor.invokeExecute(DriverCommandExecutor.java:167)\n\tat org.openqa.selenium.remote.service.DriverCommandExecutor.execute(DriverCommandExecutor.java:142)\n\tat org.openqa.selenium.remote.RemoteWebDriver.execute(RemoteWebDriver.java:551)\n\tat org.openqa.selenium.remote.RemoteWebElement.execute(RemoteWebElement.java:257)\n\tat org.openqa.selenium.remote.RemoteWebElement.click(RemoteWebElement.java:78)\n\tat pages.SearchResultsPage.clickProductByIndex(SearchResultsPage.java:23)\n\tat tests.FunctionalityTest.sidebarPriceSortingTest(FunctionalityTest.java:87)\n\tat sun.reflect.NativeMethodAccessorImpl.invoke0(Native Method)\n\tat sun.reflect.NativeMethodAccessorImpl.invoke(NativeMethodAccessorImpl.java:62)\n\tat sun.reflect.DelegatingMethodAccessorImpl.invoke(DelegatingMethodAccessorImpl.java:43)\n\tat java.lang.reflect.Method.invoke(Method.java:498)\n\tat org.testng.internal.MethodInvocationHelper.invokeMethod(MethodInvocationHelper.java:132)\n\tat org.testng.internal.TestInvoker.invokeMethod(TestInvoker.java:599)\n\tat org.testng.internal.TestInvoker.invokeTestMethod(TestInvoker.java:174)\n\tat org.testng.internal.MethodRunner.runInSequence(MethodRunner.java:46)\n\tat org.testng.internal.TestInvoker$MethodInvocationAgent.invoke(TestInvoker.java:822)\n\tat org.testng.internal.TestInvoker.invokeTestMethods(TestInvoker.java:147)\n\tat org.testng.internal.TestMethodWorker.invokeTestMethods(TestMethodWorker.java:146)\n\tat org.testng.internal.TestMethodWorker.run(TestMethodWorker.java:128)\n\tat java.util.ArrayList.forEach(ArrayList.java:1259)\n\tat org.testng.TestRunner.privateRun(TestRunner.java:764)\n\tat org.testng.TestRunner.run(TestRunner.java:585)\n\tat org.testng.SuiteRunner.runTest(SuiteRunner.java:384)\n\tat org.testng.SuiteRunner.runSequentially(SuiteRunner.java:378)\n\tat org.testng.SuiteRunner.privateRun(SuiteRunner.java:337)\n\tat org.testng.SuiteRunner.run(SuiteRunner.java:286)\n\tat org.testng.SuiteRunnerWorker.runSuite(SuiteRunnerWorker.java:53)\n\tat org.testng.SuiteRunnerWorker.run(SuiteRunnerWorker.java:96)\n\tat org.testng.TestNG.runSuitesSequentially(TestNG.java:1218)\n\tat org.testng.TestNG.runSuitesLocally(TestNG.java:1140)\n\tat org.testng.TestNG.runSuites(TestNG.java:1069)\n\tat org.testng.TestNG.run(TestNG.java:1037)\n\tat com.intellij.rt.testng.IDEARemoteTestNG.run(IDEARemoteTestNG.java:66)\n\tat com.intellij.rt.testng.RemoteTestNGStarter.main(RemoteTestNGStarter.java:109)\n"},"stage":"finished","steps":[],"attachments":[],"parameters":[{"name":"index","value":"0"}],"start":1658406577732,"stop":1658406578325}],"attachments":[{"name":"Page screenshot","source":"4060c5bb-5509-425d-b068-0ac38054b7ad-attachment","type":"image/png"}],"parameters":[],"start":1658406570683,"stop":1658406578631}